<?xml version="1.0" encoding="UTF-8"?>
<!-- Generated by org.testng.reporters.JUnitReportReporter -->
<testsuite hostname="DESKTOP-NJ63AOI" failures="0" tests="1" name="TestCases.verifySignup" time="16.952" errors="0" timestamp="2022-11-03T14:09:14 IST" skipped="0">
  <testcase classname="TestCases.verifySignup" name="signup" time="16.952"/>
  <system-out/>
</testsuite> <!-- TestCases.verifySignup -->
